<?xml version="1.0" encoding="UTF-8"?>
<!-- Generated by org.testng.reporters.JUnitXMLReporter -->
<testsuite hostname="LAPTOP-PBGFF7J3" ignored="0" name="Test" tests="17" failures="0" timestamp="12 Mar 2020 22:10:52 GMT" time="294.937" errors="0">
  <testcase name="LoginTest" time="1.279" classname="etsyTests.SigninPageTest"/>
  <testcase name="ShowMoreTest" time="6.485" classname="etsyTests.CraftSuppliesTest"/>
  <testcase name="RegisterBtnTest" time="0.682" classname="etsyTests.SigninPageTest"/>
  <testcase name="TitleTest" time="0.019" classname="etsyTests.HomePageTest"/>
  <testcase name="RegisterHeading" time="2.937" classname="etsyTests.RegisterPageTest"/>
  <testcase name="Titletest" time="4.116" classname="etsyTests.HomeNLivingTest"/>
  <testcase name="CheckBoxTest" time="9.683" classname="etsyTests.CraftSuppliesTest"/>
  <testcase name="Forgot_pwd_test" time="6.496" classname="etsyTests.SigninPageTest"/>
  <testcase name="SigninoptionTest" time="0.074" classname="etsyTests.HomePageTest"/>
  <testcase name="ValidateTermsofuseLink" time="5.586" classname="etsyTests.RegisterPageTest"/>
  <testcase name="SigninOptionTest" time="7.054" classname="etsyTests.HomeNLivingTest"/>
  <testcase name="RadioButtonTest" time="11.922" classname="etsyTests.CraftSuppliesTest"/>
  <testcase name="SearchTest" time="4.329" classname="etsyTests.HomePageTest"/>
  <testcase name="createaccount" time="1.632" classname="etsyTests.RegisterPageTest"/>
  <testcase name="SortByTest" time="10.777" classname="etsyTests.HomeNLivingTest"/>
  <testcase name="locationTest" time="9.569" classname="etsyTests.CraftSuppliesTest"/>
  <testcase name="ValidateUrl" time="9.143" classname="etsyTests.HomeNLivingTest"/>
</testsuite> <!-- Test -->
