<?xml version="1.0" encoding="UTF-8"?>
<!-- Generated by org.testng.reporters.JUnitXMLReporter -->
<testsuite hostname="LAPTOP-PBGFF7J3" ignored="0" name="Default test" tests="4" failures="0" timestamp="12 Mar 2020 21:57:31 GMT" time="75.479" errors="0">
  <testcase name="ShowMoreTest" time="4.445" classname="etsyTests.CraftSuppliesTest"/>
  <testcase name="CheckBoxTest" time="9.804" classname="etsyTests.CraftSuppliesTest"/>
  <testcase name="RadioButtonTest" time="12.042" classname="etsyTests.CraftSuppliesTest"/>
  <testcase name="locationTest" time="8.681" classname="etsyTests.CraftSuppliesTest"/>
</testsuite> <!-- Default test -->
